[2022-11-09 21:10:40] flarum.ERROR: Swift_TransportException: Connection could not be established with host stmp.webdev-isam.kean.edu :stream_socket_client(): php_network_getaddresses: getaddrinfo for stmp.webdev-isam.kean.edu failed: Name or service not known in /var/www/html/forum/vendor/swiftmailer/swiftmailer/lib/classes/Swift/Transport/StreamBuffer.php:261
Stack trace:
#0 [internal function]: Swift_Transport_StreamBuffer->{closure}()
#1 /var/www/html/forum/vendor/swiftmailer/swiftmailer/lib/classes/Swift/Transport/StreamBuffer.php(264): stream_socket_client()
#2 /var/www/html/forum/vendor/swiftmailer/swiftmailer/lib/classes/Swift/Transport/StreamBuffer.php(58): Swift_Transport_StreamBuffer->establishSocketConnection()
#3 /var/www/html/forum/vendor/swiftmailer/swiftmailer/lib/classes/Swift/Transport/AbstractSmtpTransport.php(143): Swift_Transport_StreamBuffer->initialize()
#4 /var/www/html/forum/vendor/swiftmailer/swiftmailer/lib/classes/Swift/Mailer.php(65): Swift_Transport_AbstractSmtpTransport->start()
#5 /var/www/html/forum/vendor/illuminate/mail/Mailer.php(521): Swift_Mailer->send()
#6 /var/www/html/forum/vendor/illuminate/mail/Mailer.php(288): Illuminate\Mail\Mailer->sendSwiftMessage()
#7 /var/www/html/forum/vendor/illuminate/mail/Mailer.php(212): Illuminate\Mail\Mailer->send()
#8 /var/www/html/forum/vendor/flarum/core/src/Api/Controller/SendTestMailController.php(43): Illuminate\Mail\Mailer->raw()
#9 /var/www/html/forum/vendor/flarum/core/src/Http/RouteHandlerFactory.php(41): Flarum\Api\Controller\SendTestMailController->handle()
#10 /var/www/html/forum/vendor/flarum/core/src/Http/Middleware/ExecuteRoute.php(27): Flarum\Http\RouteHandlerFactory->Flarum\Http\{closure}()
#11 /var/www/html/forum/vendor/laminas/laminas-stratigility/src/Next.php(49): Flarum\Http\Middleware\ExecuteRoute->process()
#12 /var/www/html/forum/vendor/flarum/core/src/Api/Middleware/ThrottleApi.php(33): Laminas\Stratigility\Next->handle()
#13 /var/www/html/forum/vendor/laminas/laminas-stratigility/src/Next.php(49): Flarum\Api\Middleware\ThrottleApi->process()
#14 /var/www/html/forum/vendor/flarum/core/src/Http/Middleware/CheckCsrfToken.php(44): Laminas\Stratigility\Next->handle()
#15 /var/www/html/forum/vendor/laminas/laminas-stratigility/src/Next.php(49): Flarum\Http\Middleware\CheckCsrfToken->process()
#16 /var/www/html/forum/vendor/flarum/core/src/Http/Middleware/ResolveRoute.php(67): Laminas\Stratigility\Next->handle()
#17 /var/www/html/forum/vendor/laminas/laminas-stratigility/src/Next.php(49): Flarum\Http\Middleware\ResolveRoute->process()
#18 /var/www/html/forum/vendor/flarum/core/src/Http/Middleware/SetLocale.php(51): Laminas\Stratigility\Next->handle()
#19 /var/www/html/forum/vendor/laminas/laminas-stratigility/src/Next.php(49): Flarum\Http\Middleware\SetLocale->process()
#20 /var/www/html/forum/vendor/flarum/core/src/Http/Middleware/AuthenticateWithHeader.php(58): Laminas\Stratigility\Next->handle()
#21 /var/www/html/forum/vendor/laminas/laminas-stratigility/src/Next.php(49): Flarum\Http\Middleware\AuthenticateWithHeader->process()
#22 /var/www/html/forum/vendor/flarum/core/src/Http/Middleware/AuthenticateWithSession.php(31): Laminas\Stratigility\Next->handle()
#23 /var/www/html/forum/vendor/laminas/laminas-stratigility/src/Next.php(49): Flarum\Http\Middleware\AuthenticateWithSession->process()
#24 /var/www/html/forum/vendor/flarum/core/src/Http/Middleware/RememberFromCookie.php(52): Laminas\Stratigility\Next->handle()
#25 /var/www/html/forum/vendor/laminas/laminas-stratigility/src/Next.php(49): Flarum\Http\Middleware\RememberFromCookie->process()
#26 /var/www/html/forum/vendor/flarum/core/src/Http/Middleware/StartSession.php(61): Laminas\Stratigility\Next->handle()
#27 /var/www/html/forum/vendor/laminas/laminas-stratigility/src/Next.php(49): Flarum\Http\Middleware\StartSession->process()
#28 /var/www/html/forum/vendor/flarum/core/src/Api/Middleware/FakeHttpMethods.php(29): Laminas\Stratigility\Next->handle()
#29 /var/www/html/forum/vendor/laminas/laminas-stratigility/src/Next.php(49): Flarum\Api\Middleware\FakeHttpMethods->process()
#30 /var/www/html/forum/vendor/flarum/core/src/Http/Middleware/ParseJsonBody.php(28): Laminas\Stratigility\Next->handle()
#31 /var/www/html/forum/vendor/laminas/laminas-stratigility/src/Next.php(49): Flarum\Http\Middleware\ParseJsonBody->process()
#32 /var/www/html/forum/vendor/flarum/core/src/Http/Middleware/HandleErrors.php(57): Laminas\Stratigility\Next->handle()
#33 /var/www/html/forum/vendor/laminas/laminas-stratigility/src/Next.php(49): Flarum\Http\Middleware\HandleErrors->process()
#34 /var/www/html/forum/vendor/flarum/core/src/Http/Middleware/InjectActorReference.php(25): Laminas\Stratigility\Next->handle()
#35 /var/www/html/forum/vendor/laminas/laminas-stratigility/src/Next.php(49): Flarum\Http\Middleware\InjectActorReference->process()
#36 /var/www/html/forum/vendor/laminas/laminas-stratigility/src/MiddlewarePipe.php(75): Laminas\Stratigility\Next->handle()
#37 /var/www/html/forum/vendor/middlewares/request-handler/src/RequestHandler.php(84): Laminas\Stratigility\MiddlewarePipe->process()
#38 /var/www/html/forum/vendor/laminas/laminas-stratigility/src/Next.php(49): Middlewares\RequestHandler->process()
#39 /var/www/html/forum/vendor/middlewares/base-path-router/src/BasePathRouter.php(101): Laminas\Stratigility\Next->handle()
#40 /var/www/html/forum/vendor/laminas/laminas-stratigility/src/Next.php(49): Middlewares\BasePathRouter->process()
#41 /var/www/html/forum/vendor/laminas/laminas-stratigility/src/Middleware/OriginalMessages.php(36): Laminas\Stratigility\Next->handle()
#42 /var/www/html/forum/vendor/laminas/laminas-stratigility/src/Next.php(49): Laminas\Stratigility\Middleware\OriginalMessages->process()
#43 /var/www/html/forum/vendor/middlewares/base-path/src/BasePath.php(73): Laminas\Stratigility\Next->handle()
#44 /var/www/html/forum/vendor/laminas/laminas-stratigility/src/Next.php(49): Middlewares\BasePath->process()
#45 /var/www/html/forum/vendor/flarum/core/src/Http/Middleware/ProcessIp.php(24): Laminas\Stratigility\Next->handle()
#46 /var/www/html/forum/vendor/laminas/laminas-stratigility/src/Next.php(49): Flarum\Http\Middleware\ProcessIp->process()
#47 /var/www/html/forum/vendor/laminas/laminas-stratigility/src/MiddlewarePipe.php(75): Laminas\Stratigility\Next->handle()
#48 /var/www/html/forum/vendor/laminas/laminas-stratigility/src/MiddlewarePipe.php(64): Laminas\Stratigility\MiddlewarePipe->process()
#49 /var/www/html/forum/vendor/laminas/laminas-httphandlerrunner/src/RequestHandlerRunner.php(96): Laminas\Stratigility\MiddlewarePipe->handle()
#50 /var/www/html/forum/vendor/flarum/core/src/Http/Server.php(44): Laminas\HttpHandlerRunner\RequestHandlerRunner->run()
#51 /var/www/html/forum/public/index.php(26): Flarum\Http\Server->listen()
#52 {main}  
[2022-11-09 21:10:46] flarum.ERROR: Swift_TransportException: Expected response code 220 but got an empty response in /var/www/html/forum/vendor/swiftmailer/swiftmailer/lib/classes/Swift/Transport/AbstractSmtpTransport.php:447
Stack trace:
#0 /var/www/html/forum/vendor/swiftmailer/swiftmailer/lib/classes/Swift/Transport/AbstractSmtpTransport.php(360): Swift_Transport_AbstractSmtpTransport->assertResponseCode()
#1 /var/www/html/forum/vendor/swiftmailer/swiftmailer/lib/classes/Swift/Transport/AbstractSmtpTransport.php(147): Swift_Transport_AbstractSmtpTransport->readGreeting()
#2 /var/www/html/forum/vendor/swiftmailer/swiftmailer/lib/classes/Swift/Transport/SendmailTransport.php(50): Swift_Transport_AbstractSmtpTransport->start()
#3 /var/www/html/forum/vendor/swiftmailer/swiftmailer/lib/classes/Swift/Mailer.php(65): Swift_Transport_SendmailTransport->start()
#4 /var/www/html/forum/vendor/illuminate/mail/Mailer.php(521): Swift_Mailer->send()
#5 /var/www/html/forum/vendor/illuminate/mail/Mailer.php(288): Illuminate\Mail\Mailer->sendSwiftMessage()
#6 /var/www/html/forum/vendor/illuminate/mail/Mailer.php(212): Illuminate\Mail\Mailer->send()
#7 /var/www/html/forum/vendor/flarum/core/src/Api/Controller/SendTestMailController.php(43): Illuminate\Mail\Mailer->raw()
#8 /var/www/html/forum/vendor/flarum/core/src/Http/RouteHandlerFactory.php(41): Flarum\Api\Controller\SendTestMailController->handle()
#9 /var/www/html/forum/vendor/flarum/core/src/Http/Middleware/ExecuteRoute.php(27): Flarum\Http\RouteHandlerFactory->Flarum\Http\{closure}()
#10 /var/www/html/forum/vendor/laminas/laminas-stratigility/src/Next.php(49): Flarum\Http\Middleware\ExecuteRoute->process()
#11 /var/www/html/forum/vendor/flarum/core/src/Api/Middleware/ThrottleApi.php(33): Laminas\Stratigility\Next->handle()
#12 /var/www/html/forum/vendor/laminas/laminas-stratigility/src/Next.php(49): Flarum\Api\Middleware\ThrottleApi->process()
#13 /var/www/html/forum/vendor/flarum/core/src/Http/Middleware/CheckCsrfToken.php(44): Laminas\Stratigility\Next->handle()
#14 /var/www/html/forum/vendor/laminas/laminas-stratigility/src/Next.php(49): Flarum\Http\Middleware\CheckCsrfToken->process()
#15 /var/www/html/forum/vendor/flarum/core/src/Http/Middleware/ResolveRoute.php(67): Laminas\Stratigility\Next->handle()
#16 /var/www/html/forum/vendor/laminas/laminas-stratigility/src/Next.php(49): Flarum\Http\Middleware\ResolveRoute->process()
#17 /var/www/html/forum/vendor/flarum/core/src/Http/Middleware/SetLocale.php(51): Laminas\Stratigility\Next->handle()
#18 /var/www/html/forum/vendor/laminas/laminas-stratigility/src/Next.php(49): Flarum\Http\Middleware\SetLocale->process()
#19 /var/www/html/forum/vendor/flarum/core/src/Http/Middleware/AuthenticateWithHeader.php(58): Laminas\Stratigility\Next->handle()
#20 /var/www/html/forum/vendor/laminas/laminas-stratigility/src/Next.php(49): Flarum\Http\Middleware\AuthenticateWithHeader->process()
#21 /var/www/html/forum/vendor/flarum/core/src/Http/Middleware/AuthenticateWithSession.php(31): Laminas\Stratigility\Next->handle()
#22 /var/www/html/forum/vendor/laminas/laminas-stratigility/src/Next.php(49): Flarum\Http\Middleware\AuthenticateWithSession->process()
#23 /var/www/html/forum/vendor/flarum/core/src/Http/Middleware/RememberFromCookie.php(52): Laminas\Stratigility\Next->handle()
#24 /var/www/html/forum/vendor/laminas/laminas-stratigility/src/Next.php(49): Flarum\Http\Middleware\RememberFromCookie->process()
#25 /var/www/html/forum/vendor/flarum/core/src/Http/Middleware/StartSession.php(61): Laminas\Stratigility\Next->handle()
#26 /var/www/html/forum/vendor/laminas/laminas-stratigility/src/Next.php(49): Flarum\Http\Middleware\StartSession->process()
#27 /var/www/html/forum/vendor/flarum/core/src/Api/Middleware/FakeHttpMethods.php(29): Laminas\Stratigility\Next->handle()
#28 /var/www/html/forum/vendor/laminas/laminas-stratigility/src/Next.php(49): Flarum\Api\Middleware\FakeHttpMethods->process()
#29 /var/www/html/forum/vendor/flarum/core/src/Http/Middleware/ParseJsonBody.php(28): Laminas\Stratigility\Next->handle()
#30 /var/www/html/forum/vendor/laminas/laminas-stratigility/src/Next.php(49): Flarum\Http\Middleware\ParseJsonBody->process()
#31 /var/www/html/forum/vendor/flarum/core/src/Http/Middleware/HandleErrors.php(57): Laminas\Stratigility\Next->handle()
#32 /var/www/html/forum/vendor/laminas/laminas-stratigility/src/Next.php(49): Flarum\Http\Middleware\HandleErrors->process()
#33 /var/www/html/forum/vendor/flarum/core/src/Http/Middleware/InjectActorReference.php(25): Laminas\Stratigility\Next->handle()
#34 /var/www/html/forum/vendor/laminas/laminas-stratigility/src/Next.php(49): Flarum\Http\Middleware\InjectActorReference->process()
#35 /var/www/html/forum/vendor/laminas/laminas-stratigility/src/MiddlewarePipe.php(75): Laminas\Stratigility\Next->handle()
#36 /var/www/html/forum/vendor/middlewares/request-handler/src/RequestHandler.php(84): Laminas\Stratigility\MiddlewarePipe->process()
#37 /var/www/html/forum/vendor/laminas/laminas-stratigility/src/Next.php(49): Middlewares\RequestHandler->process()
#38 /var/www/html/forum/vendor/middlewares/base-path-router/src/BasePathRouter.php(101): Laminas\Stratigility\Next->handle()
#39 /var/www/html/forum/vendor/laminas/laminas-stratigility/src/Next.php(49): Middlewares\BasePathRouter->process()
#40 /var/www/html/forum/vendor/laminas/laminas-stratigility/src/Middleware/OriginalMessages.php(36): Laminas\Stratigility\Next->handle()
#41 /var/www/html/forum/vendor/laminas/laminas-stratigility/src/Next.php(49): Laminas\Stratigility\Middleware\OriginalMessages->process()
#42 /var/www/html/forum/vendor/middlewares/base-path/src/BasePath.php(73): Laminas\Stratigility\Next->handle()
#43 /var/www/html/forum/vendor/laminas/laminas-stratigility/src/Next.php(49): Middlewares\BasePath->process()
#44 /var/www/html/forum/vendor/flarum/core/src/Http/Middleware/ProcessIp.php(24): Laminas\Stratigility\Next->handle()
#45 /var/www/html/forum/vendor/laminas/laminas-stratigility/src/Next.php(49): Flarum\Http\Middleware\ProcessIp->process()
#46 /var/www/html/forum/vendor/laminas/laminas-stratigility/src/MiddlewarePipe.php(75): Laminas\Stratigility\Next->handle()
#47 /var/www/html/forum/vendor/laminas/laminas-stratigility/src/MiddlewarePipe.php(64): Laminas\Stratigility\MiddlewarePipe->process()
#48 /var/www/html/forum/vendor/laminas/laminas-httphandlerrunner/src/RequestHandlerRunner.php(96): Laminas\Stratigility\MiddlewarePipe->handle()
#49 /var/www/html/forum/vendor/flarum/core/src/Http/Server.php(44): Laminas\HttpHandlerRunner\RequestHandlerRunner->run()
#50 /var/www/html/forum/public/index.php(26): Flarum\Http\Server->listen()
#51 {main}  
[2022-11-09 21:12:15] flarum.ERROR: Swift_TransportException: Expected response code 220 but got an empty response in /var/www/html/forum/vendor/swiftmailer/swiftmailer/lib/classes/Swift/Transport/AbstractSmtpTransport.php:447
Stack trace:
#0 /var/www/html/forum/vendor/swiftmailer/swiftmailer/lib/classes/Swift/Transport/AbstractSmtpTransport.php(360): Swift_Transport_AbstractSmtpTransport->assertResponseCode()
#1 /var/www/html/forum/vendor/swiftmailer/swiftmailer/lib/classes/Swift/Transport/AbstractSmtpTransport.php(147): Swift_Transport_AbstractSmtpTransport->readGreeting()
#2 /var/www/html/forum/vendor/swiftmailer/swiftmailer/lib/classes/Swift/Transport/SendmailTransport.php(50): Swift_Transport_AbstractSmtpTransport->start()
#3 /var/www/html/forum/vendor/swiftmailer/swiftmailer/lib/classes/Swift/Mailer.php(65): Swift_Transport_SendmailTransport->start()
#4 /var/www/html/forum/vendor/illuminate/mail/Mailer.php(521): Swift_Mailer->send()
#5 /var/www/html/forum/vendor/illuminate/mail/Mailer.php(288): Illuminate\Mail\Mailer->sendSwiftMessage()
#6 /var/www/html/forum/vendor/illuminate/mail/Mailer.php(212): Illuminate\Mail\Mailer->send()
#7 /var/www/html/forum/vendor/flarum/core/src/Api/Controller/SendTestMailController.php(43): Illuminate\Mail\Mailer->raw()
#8 /var/www/html/forum/vendor/flarum/core/src/Http/RouteHandlerFactory.php(41): Flarum\Api\Controller\SendTestMailController->handle()
#9 /var/www/html/forum/vendor/flarum/core/src/Http/Middleware/ExecuteRoute.php(27): Flarum\Http\RouteHandlerFactory->Flarum\Http\{closure}()
#10 /var/www/html/forum/vendor/laminas/laminas-stratigility/src/Next.php(49): Flarum\Http\Middleware\ExecuteRoute->process()
#11 /var/www/html/forum/vendor/flarum/core/src/Api/Middleware/ThrottleApi.php(33): Laminas\Stratigility\Next->handle()
#12 /var/www/html/forum/vendor/laminas/laminas-stratigility/src/Next.php(49): Flarum\Api\Middleware\ThrottleApi->process()
#13 /var/www/html/forum/vendor/flarum/core/src/Http/Middleware/CheckCsrfToken.php(44): Laminas\Stratigility\Next->handle()
#14 /var/www/html/forum/vendor/laminas/laminas-stratigility/src/Next.php(49): Flarum\Http\Middleware\CheckCsrfToken->process()
#15 /var/www/html/forum/vendor/flarum/core/src/Http/Middleware/ResolveRoute.php(67): Laminas\Stratigility\Next->handle()
#16 /var/www/html/forum/vendor/laminas/laminas-stratigility/src/Next.php(49): Flarum\Http\Middleware\ResolveRoute->process()
#17 /var/www/html/forum/vendor/flarum/core/src/Http/Middleware/SetLocale.php(51): Laminas\Stratigility\Next->handle()
#18 /var/www/html/forum/vendor/laminas/laminas-stratigility/src/Next.php(49): Flarum\Http\Middleware\SetLocale->process()
#19 /var/www/html/forum/vendor/flarum/core/src/Http/Middleware/AuthenticateWithHeader.php(58): Laminas\Stratigility\Next->handle()
#20 /var/www/html/forum/vendor/laminas/laminas-stratigility/src/Next.php(49): Flarum\Http\Middleware\AuthenticateWithHeader->process()
#21 /var/www/html/forum/vendor/flarum/core/src/Http/Middleware/AuthenticateWithSession.php(31): Laminas\Stratigility\Next->handle()
#22 /var/www/html/forum/vendor/laminas/laminas-stratigility/src/Next.php(49): Flarum\Http\Middleware\AuthenticateWithSession->process()
#23 /var/www/html/forum/vendor/flarum/core/src/Http/Middleware/RememberFromCookie.php(52): Laminas\Stratigility\Next->handle()
#24 /var/www/html/forum/vendor/laminas/laminas-stratigility/src/Next.php(49): Flarum\Http\Middleware\RememberFromCookie->process()
#25 /var/www/html/forum/vendor/flarum/core/src/Http/Middleware/StartSession.php(61): Laminas\Stratigility\Next->handle()
#26 /var/www/html/forum/vendor/laminas/laminas-stratigility/src/Next.php(49): Flarum\Http\Middleware\StartSession->process()
#27 /var/www/html/forum/vendor/flarum/core/src/Api/Middleware/FakeHttpMethods.php(29): Laminas\Stratigility\Next->handle()
#28 /var/www/html/forum/vendor/laminas/laminas-stratigility/src/Next.php(49): Flarum\Api\Middleware\FakeHttpMethods->process()
#29 /var/www/html/forum/vendor/flarum/core/src/Http/Middleware/ParseJsonBody.php(28): Laminas\Stratigility\Next->handle()
#30 /var/www/html/forum/vendor/laminas/laminas-stratigility/src/Next.php(49): Flarum\Http\Middleware\ParseJsonBody->process()
#31 /var/www/html/forum/vendor/flarum/core/src/Http/Middleware/HandleErrors.php(57): Laminas\Stratigility\Next->handle()
#32 /var/www/html/forum/vendor/laminas/laminas-stratigility/src/Next.php(49): Flarum\Http\Middleware\HandleErrors->process()
#33 /var/www/html/forum/vendor/flarum/core/src/Http/Middleware/InjectActorReference.php(25): Laminas\Stratigility\Next->handle()
#34 /var/www/html/forum/vendor/laminas/laminas-stratigility/src/Next.php(49): Flarum\Http\Middleware\InjectActorReference->process()
#35 /var/www/html/forum/vendor/laminas/laminas-stratigility/src/MiddlewarePipe.php(75): Laminas\Stratigility\Next->handle()
#36 /var/www/html/forum/vendor/middlewares/request-handler/src/RequestHandler.php(84): Laminas\Stratigility\MiddlewarePipe->process()
#37 /var/www/html/forum/vendor/laminas/laminas-stratigility/src/Next.php(49): Middlewares\RequestHandler->process()
#38 /var/www/html/forum/vendor/middlewares/base-path-router/src/BasePathRouter.php(101): Laminas\Stratigility\Next->handle()
#39 /var/www/html/forum/vendor/laminas/laminas-stratigility/src/Next.php(49): Middlewares\BasePathRouter->process()
#40 /var/www/html/forum/vendor/laminas/laminas-stratigility/src/Middleware/OriginalMessages.php(36): Laminas\Stratigility\Next->handle()
#41 /var/www/html/forum/vendor/laminas/laminas-stratigility/src/Next.php(49): Laminas\Stratigility\Middleware\OriginalMessages->process()
#42 /var/www/html/forum/vendor/middlewares/base-path/src/BasePath.php(73): Laminas\Stratigility\Next->handle()
#43 /var/www/html/forum/vendor/laminas/laminas-stratigility/src/Next.php(49): Middlewares\BasePath->process()
#44 /var/www/html/forum/vendor/flarum/core/src/Http/Middleware/ProcessIp.php(24): Laminas\Stratigility\Next->handle()
#45 /var/www/html/forum/vendor/laminas/laminas-stratigility/src/Next.php(49): Flarum\Http\Middleware\ProcessIp->process()
#46 /var/www/html/forum/vendor/laminas/laminas-stratigility/src/MiddlewarePipe.php(75): Laminas\Stratigility\Next->handle()
#47 /var/www/html/forum/vendor/laminas/laminas-stratigility/src/MiddlewarePipe.php(64): Laminas\Stratigility\MiddlewarePipe->process()
#48 /var/www/html/forum/vendor/laminas/laminas-httphandlerrunner/src/RequestHandlerRunner.php(96): Laminas\Stratigility\MiddlewarePipe->handle()
#49 /var/www/html/forum/vendor/flarum/core/src/Http/Server.php(44): Laminas\HttpHandlerRunner\RequestHandlerRunner->run()
#50 /var/www/html/forum/public/index.php(26): Flarum\Http\Server->listen()
#51 {main}  
[2022-11-09 21:15:48] flarum.ERROR: Swift_TransportException: Connection could not be established with host stmp.webdev-isam.kean.edu :stream_socket_client(): php_network_getaddresses: getaddrinfo for stmp.webdev-isam.kean.edu failed: Name or service not known in /var/www/html/forum/vendor/swiftmailer/swiftmailer/lib/classes/Swift/Transport/StreamBuffer.php:261
Stack trace:
#0 [internal function]: Swift_Transport_StreamBuffer->{closure}()
#1 /var/www/html/forum/vendor/swiftmailer/swiftmailer/lib/classes/Swift/Transport/StreamBuffer.php(264): stream_socket_client()
#2 /var/www/html/forum/vendor/swiftmailer/swiftmailer/lib/classes/Swift/Transport/StreamBuffer.php(58): Swift_Transport_StreamBuffer->establishSocketConnection()
#3 /var/www/html/forum/vendor/swiftmailer/swiftmailer/lib/classes/Swift/Transport/AbstractSmtpTransport.php(143): Swift_Transport_StreamBuffer->initialize()
#4 /var/www/html/forum/vendor/swiftmailer/swiftmailer/lib/classes/Swift/Mailer.php(65): Swift_Transport_AbstractSmtpTransport->start()
#5 /var/www/html/forum/vendor/illuminate/mail/Mailer.php(521): Swift_Mailer->send()
#6 /var/www/html/forum/vendor/illuminate/mail/Mailer.php(288): Illuminate\Mail\Mailer->sendSwiftMessage()
#7 /var/www/html/forum/vendor/illuminate/mail/Mailer.php(212): Illuminate\Mail\Mailer->send()
#8 /var/www/html/forum/vendor/flarum/core/src/Api/Controller/SendTestMailController.php(43): Illuminate\Mail\Mailer->raw()
#9 /var/www/html/forum/vendor/flarum/core/src/Http/RouteHandlerFactory.php(41): Flarum\Api\Controller\SendTestMailController->handle()
#10 /var/www/html/forum/vendor/flarum/core/src/Http/Middleware/ExecuteRoute.php(27): Flarum\Http\RouteHandlerFactory->Flarum\Http\{closure}()
#11 /var/www/html/forum/vendor/laminas/laminas-stratigility/src/Next.php(49): Flarum\Http\Middleware\ExecuteRoute->process()
#12 /var/www/html/forum/vendor/flarum/core/src/Api/Middleware/ThrottleApi.php(33): Laminas\Stratigility\Next->handle()
#13 /var/www/html/forum/vendor/laminas/laminas-stratigility/src/Next.php(49): Flarum\Api\Middleware\ThrottleApi->process()
#14 /var/www/html/forum/vendor/flarum/core/src/Http/Middleware/CheckCsrfToken.php(44): Laminas\Stratigility\Next->handle()
#15 /var/www/html/forum/vendor/laminas/laminas-stratigility/src/Next.php(49): Flarum\Http\Middleware\CheckCsrfToken->process()
#16 /var/www/html/forum/vendor/flarum/core/src/Http/Middleware/ResolveRoute.php(67): Laminas\Stratigility\Next->handle()
#17 /var/www/html/forum/vendor/laminas/laminas-stratigility/src/Next.php(49): Flarum\Http\Middleware\ResolveRoute->process()
#18 /var/www/html/forum/vendor/flarum/core/src/Http/Middleware/SetLocale.php(51): Laminas\Stratigility\Next->handle()
#19 /var/www/html/forum/vendor/laminas/laminas-stratigility/src/Next.php(49): Flarum\Http\Middleware\SetLocale->process()
#20 /var/www/html/forum/vendor/flarum/core/src/Http/Middleware/AuthenticateWithHeader.php(58): Laminas\Stratigility\Next->handle()
#21 /var/www/html/forum/vendor/laminas/laminas-stratigility/src/Next.php(49): Flarum\Http\Middleware\AuthenticateWithHeader->process()
#22 /var/www/html/forum/vendor/flarum/core/src/Http/Middleware/AuthenticateWithSession.php(31): Laminas\Stratigility\Next->handle()
#23 /var/www/html/forum/vendor/laminas/laminas-stratigility/src/Next.php(49): Flarum\Http\Middleware\AuthenticateWithSession->process()
#24 /var/www/html/forum/vendor/flarum/core/src/Http/Middleware/RememberFromCookie.php(52): Laminas\Stratigility\Next->handle()
#25 /var/www/html/forum/vendor/laminas/laminas-stratigility/src/Next.php(49): Flarum\Http\Middleware\RememberFromCookie->process()
#26 /var/www/html/forum/vendor/flarum/core/src/Http/Middleware/StartSession.php(61): Laminas\Stratigility\Next->handle()
#27 /var/www/html/forum/vendor/laminas/laminas-stratigility/src/Next.php(49): Flarum\Http\Middleware\StartSession->process()
#28 /var/www/html/forum/vendor/flarum/core/src/Api/Middleware/FakeHttpMethods.php(29): Laminas\Stratigility\Next->handle()
#29 /var/www/html/forum/vendor/laminas/laminas-stratigility/src/Next.php(49): Flarum\Api\Middleware\FakeHttpMethods->process()
#30 /var/www/html/forum/vendor/flarum/core/src/Http/Middleware/ParseJsonBody.php(28): Laminas\Stratigility\Next->handle()
#31 /var/www/html/forum/vendor/laminas/laminas-stratigility/src/Next.php(49): Flarum\Http\Middleware\ParseJsonBody->process()
#32 /var/www/html/forum/vendor/flarum/core/src/Http/Middleware/HandleErrors.php(57): Laminas\Stratigility\Next->handle()
#33 /var/www/html/forum/vendor/laminas/laminas-stratigility/src/Next.php(49): Flarum\Http\Middleware\HandleErrors->process()
#34 /var/www/html/forum/vendor/flarum/core/src/Http/Middleware/InjectActorReference.php(25): Laminas\Stratigility\Next->handle()
#35 /var/www/html/forum/vendor/laminas/laminas-stratigility/src/Next.php(49): Flarum\Http\Middleware\InjectActorReference->process()
#36 /var/www/html/forum/vendor/laminas/laminas-stratigility/src/MiddlewarePipe.php(75): Laminas\Stratigility\Next->handle()
#37 /var/www/html/forum/vendor/middlewares/request-handler/src/RequestHandler.php(84): Laminas\Stratigility\MiddlewarePipe->process()
#38 /var/www/html/forum/vendor/laminas/laminas-stratigility/src/Next.php(49): Middlewares\RequestHandler->process()
#39 /var/www/html/forum/vendor/middlewares/base-path-router/src/BasePathRouter.php(101): Laminas\Stratigility\Next->handle()
#40 /var/www/html/forum/vendor/laminas/laminas-stratigility/src/Next.php(49): Middlewares\BasePathRouter->process()
#41 /var/www/html/forum/vendor/laminas/laminas-stratigility/src/Middleware/OriginalMessages.php(36): Laminas\Stratigility\Next->handle()
#42 /var/www/html/forum/vendor/laminas/laminas-stratigility/src/Next.php(49): Laminas\Stratigility\Middleware\OriginalMessages->process()
#43 /var/www/html/forum/vendor/middlewares/base-path/src/BasePath.php(73): Laminas\Stratigility\Next->handle()
#44 /var/www/html/forum/vendor/laminas/laminas-stratigility/src/Next.php(49): Middlewares\BasePath->process()
#45 /var/www/html/forum/vendor/flarum/core/src/Http/Middleware/ProcessIp.php(24): Laminas\Stratigility\Next->handle()
#46 /var/www/html/forum/vendor/laminas/laminas-stratigility/src/Next.php(49): Flarum\Http\Middleware\ProcessIp->process()
#47 /var/www/html/forum/vendor/laminas/laminas-stratigility/src/MiddlewarePipe.php(75): Laminas\Stratigility\Next->handle()
#48 /var/www/html/forum/vendor/laminas/laminas-stratigility/src/MiddlewarePipe.php(64): Laminas\Stratigility\MiddlewarePipe->process()
#49 /var/www/html/forum/vendor/laminas/laminas-httphandlerrunner/src/RequestHandlerRunner.php(96): Laminas\Stratigility\MiddlewarePipe->handle()
#50 /var/www/html/forum/vendor/flarum/core/src/Http/Server.php(44): Laminas\HttpHandlerRunner\RequestHandlerRunner->run()
#51 /var/www/html/forum/public/index.php(26): Flarum\Http\Server->listen()
#52 {main}  
[2022-11-09 21:16:00] flarum.ERROR: Swift_TransportException: Connection could not be established with host stmp.webdev-isam.kean.edu :stream_socket_client(): php_network_getaddresses: getaddrinfo for stmp.webdev-isam.kean.edu failed: Name or service not known in /var/www/html/forum/vendor/swiftmailer/swiftmailer/lib/classes/Swift/Transport/StreamBuffer.php:261
Stack trace:
#0 [internal function]: Swift_Transport_StreamBuffer->{closure}()
#1 /var/www/html/forum/vendor/swiftmailer/swiftmailer/lib/classes/Swift/Transport/StreamBuffer.php(264): stream_socket_client()
#2 /var/www/html/forum/vendor/swiftmailer/swiftmailer/lib/classes/Swift/Transport/StreamBuffer.php(58): Swift_Transport_StreamBuffer->establishSocketConnection()
#3 /var/www/html/forum/vendor/swiftmailer/swiftmailer/lib/classes/Swift/Transport/AbstractSmtpTransport.php(143): Swift_Transport_StreamBuffer->initialize()
#4 /var/www/html/forum/vendor/swiftmailer/swiftmailer/lib/classes/Swift/Mailer.php(65): Swift_Transport_AbstractSmtpTransport->start()
#5 /var/www/html/forum/vendor/illuminate/mail/Mailer.php(521): Swift_Mailer->send()
#6 /var/www/html/forum/vendor/illuminate/mail/Mailer.php(288): Illuminate\Mail\Mailer->sendSwiftMessage()
#7 /var/www/html/forum/vendor/illuminate/mail/Mailer.php(212): Illuminate\Mail\Mailer->send()
#8 /var/www/html/forum/vendor/flarum/core/src/Api/Controller/SendTestMailController.php(43): Illuminate\Mail\Mailer->raw()
#9 /var/www/html/forum/vendor/flarum/core/src/Http/RouteHandlerFactory.php(41): Flarum\Api\Controller\SendTestMailController->handle()
#10 /var/www/html/forum/vendor/flarum/core/src/Http/Middleware/ExecuteRoute.php(27): Flarum\Http\RouteHandlerFactory->Flarum\Http\{closure}()
#11 /var/www/html/forum/vendor/laminas/laminas-stratigility/src/Next.php(49): Flarum\Http\Middleware\ExecuteRoute->process()
#12 /var/www/html/forum/vendor/flarum/core/src/Api/Middleware/ThrottleApi.php(33): Laminas\Stratigility\Next->handle()
#13 /var/www/html/forum/vendor/laminas/laminas-stratigility/src/Next.php(49): Flarum\Api\Middleware\ThrottleApi->process()
#14 /var/www/html/forum/vendor/flarum/core/src/Http/Middleware/CheckCsrfToken.php(44): Laminas\Stratigility\Next->handle()
#15 /var/www/html/forum/vendor/laminas/laminas-stratigility/src/Next.php(49): Flarum\Http\Middleware\CheckCsrfToken->process()
#16 /var/www/html/forum/vendor/flarum/core/src/Http/Middleware/ResolveRoute.php(67): Laminas\Stratigility\Next->handle()
#17 /var/www/html/forum/vendor/laminas/laminas-stratigility/src/Next.php(49): Flarum\Http\Middleware\ResolveRoute->process()
#18 /var/www/html/forum/vendor/flarum/core/src/Http/Middleware/SetLocale.php(51): Laminas\Stratigility\Next->handle()
#19 /var/www/html/forum/vendor/laminas/laminas-stratigility/src/Next.php(49): Flarum\Http\Middleware\SetLocale->process()
#20 /var/www/html/forum/vendor/flarum/core/src/Http/Middleware/AuthenticateWithHeader.php(58): Laminas\Stratigility\Next->handle()
#21 /var/www/html/forum/vendor/laminas/laminas-stratigility/src/Next.php(49): Flarum\Http\Middleware\AuthenticateWithHeader->process()
#22 /var/www/html/forum/vendor/flarum/core/src/Http/Middleware/AuthenticateWithSession.php(31): Laminas\Stratigility\Next->handle()
#23 /var/www/html/forum/vendor/laminas/laminas-stratigility/src/Next.php(49): Flarum\Http\Middleware\AuthenticateWithSession->process()
#24 /var/www/html/forum/vendor/flarum/core/src/Http/Middleware/RememberFromCookie.php(52): Laminas\Stratigility\Next->handle()
#25 /var/www/html/forum/vendor/laminas/laminas-stratigility/src/Next.php(49): Flarum\Http\Middleware\RememberFromCookie->process()
#26 /var/www/html/forum/vendor/flarum/core/src/Http/Middleware/StartSession.php(61): Laminas\Stratigility\Next->handle()
#27 /var/www/html/forum/vendor/laminas/laminas-stratigility/src/Next.php(49): Flarum\Http\Middleware\StartSession->process()
#28 /var/www/html/forum/vendor/flarum/core/src/Api/Middleware/FakeHttpMethods.php(29): Laminas\Stratigility\Next->handle()
#29 /var/www/html/forum/vendor/laminas/laminas-stratigility/src/Next.php(49): Flarum\Api\Middleware\FakeHttpMethods->process()
#30 /var/www/html/forum/vendor/flarum/core/src/Http/Middleware/ParseJsonBody.php(28): Laminas\Stratigility\Next->handle()
#31 /var/www/html/forum/vendor/laminas/laminas-stratigility/src/Next.php(49): Flarum\Http\Middleware\ParseJsonBody->process()
#32 /var/www/html/forum/vendor/flarum/core/src/Http/Middleware/HandleErrors.php(57): Laminas\Stratigility\Next->handle()
#33 /var/www/html/forum/vendor/laminas/laminas-stratigility/src/Next.php(49): Flarum\Http\Middleware\HandleErrors->process()
#34 /var/www/html/forum/vendor/flarum/core/src/Http/Middleware/InjectActorReference.php(25): Laminas\Stratigility\Next->handle()
#35 /var/www/html/forum/vendor/laminas/laminas-stratigility/src/Next.php(49): Flarum\Http\Middleware\InjectActorReference->process()
#36 /var/www/html/forum/vendor/laminas/laminas-stratigility/src/MiddlewarePipe.php(75): Laminas\Stratigility\Next->handle()
#37 /var/www/html/forum/vendor/middlewares/request-handler/src/RequestHandler.php(84): Laminas\Stratigility\MiddlewarePipe->process()
#38 /var/www/html/forum/vendor/laminas/laminas-stratigility/src/Next.php(49): Middlewares\RequestHandler->process()
#39 /var/www/html/forum/vendor/middlewares/base-path-router/src/BasePathRouter.php(101): Laminas\Stratigility\Next->handle()
#40 /var/www/html/forum/vendor/laminas/laminas-stratigility/src/Next.php(49): Middlewares\BasePathRouter->process()
#41 /var/www/html/forum/vendor/laminas/laminas-stratigility/src/Middleware/OriginalMessages.php(36): Laminas\Stratigility\Next->handle()
#42 /var/www/html/forum/vendor/laminas/laminas-stratigility/src/Next.php(49): Laminas\Stratigility\Middleware\OriginalMessages->process()
#43 /var/www/html/forum/vendor/middlewares/base-path/src/BasePath.php(73): Laminas\Stratigility\Next->handle()
#44 /var/www/html/forum/vendor/laminas/laminas-stratigility/src/Next.php(49): Middlewares\BasePath->process()
#45 /var/www/html/forum/vendor/flarum/core/src/Http/Middleware/ProcessIp.php(24): Laminas\Stratigility\Next->handle()
#46 /var/www/html/forum/vendor/laminas/laminas-stratigility/src/Next.php(49): Flarum\Http\Middleware\ProcessIp->process()
#47 /var/www/html/forum/vendor/laminas/laminas-stratigility/src/MiddlewarePipe.php(75): Laminas\Stratigility\Next->handle()
#48 /var/www/html/forum/vendor/laminas/laminas-stratigility/src/MiddlewarePipe.php(64): Laminas\Stratigility\MiddlewarePipe->process()
#49 /var/www/html/forum/vendor/laminas/laminas-httphandlerrunner/src/RequestHandlerRunner.php(96): Laminas\Stratigility\MiddlewarePipe->handle()
#50 /var/www/html/forum/vendor/flarum/core/src/Http/Server.php(44): Laminas\HttpHandlerRunner\RequestHandlerRunner->run()
#51 /var/www/html/forum/public/index.php(26): Flarum\Http\Server->listen()
#52 {main}  
[2022-11-09 21:34:00] flarum.ERROR: Swift_TransportException: Connection could not be established with host stmp.webdev-isam.kean.edu :stream_socket_client(): php_network_getaddresses: getaddrinfo for stmp.webdev-isam.kean.edu failed: Name or service not known in /var/www/html/forum/vendor/swiftmailer/swiftmailer/lib/classes/Swift/Transport/StreamBuffer.php:261
Stack trace:
#0 [internal function]: Swift_Transport_StreamBuffer->{closure}()
#1 /var/www/html/forum/vendor/swiftmailer/swiftmailer/lib/classes/Swift/Transport/StreamBuffer.php(264): stream_socket_client()
#2 /var/www/html/forum/vendor/swiftmailer/swiftmailer/lib/classes/Swift/Transport/StreamBuffer.php(58): Swift_Transport_StreamBuffer->establishSocketConnection()
#3 /var/www/html/forum/vendor/swiftmailer/swiftmailer/lib/classes/Swift/Transport/AbstractSmtpTransport.php(143): Swift_Transport_StreamBuffer->initialize()
#4 /var/www/html/forum/vendor/swiftmailer/swiftmailer/lib/classes/Swift/Mailer.php(65): Swift_Transport_AbstractSmtpTransport->start()
#5 /var/www/html/forum/vendor/illuminate/mail/Mailer.php(521): Swift_Mailer->send()
#6 /var/www/html/forum/vendor/illuminate/mail/Mailer.php(288): Illuminate\Mail\Mailer->sendSwiftMessage()
#7 /var/www/html/forum/vendor/illuminate/mail/Mailer.php(212): Illuminate\Mail\Mailer->send()
#8 /var/www/html/forum/vendor/flarum/core/src/Mail/Job/SendRawEmailJob.php(34): Illuminate\Mail\Mailer->raw()
#9 /var/www/html/forum/vendor/illuminate/container/BoundMethod.php(36): Flarum\Mail\Job\SendRawEmailJob->handle()
#10 /var/www/html/forum/vendor/illuminate/container/Util.php(40): Illuminate\Container\BoundMethod::Illuminate\Container\{closure}()
#11 /var/www/html/forum/vendor/illuminate/container/BoundMethod.php(93): Illuminate\Container\Util::unwrapIfClosure()
#12 /var/www/html/forum/vendor/illuminate/container/BoundMethod.php(37): Illuminate\Container\BoundMethod::callBoundMethod()
#13 /var/www/html/forum/vendor/illuminate/container/Container.php(653): Illuminate\Container\BoundMethod::call()
#14 /var/www/html/forum/vendor/illuminate/bus/Dispatcher.php(128): Illuminate\Container\Container->call()
#15 /var/www/html/forum/vendor/illuminate/pipeline/Pipeline.php(128): Illuminate\Bus\Dispatcher->Illuminate\Bus\{closure}()
#16 /var/www/html/forum/vendor/illuminate/pipeline/Pipeline.php(103): Illuminate\Pipeline\Pipeline->Illuminate\Pipeline\{closure}()
#17 /var/www/html/forum/vendor/illuminate/bus/Dispatcher.php(132): Illuminate\Pipeline\Pipeline->then()
#18 /var/www/html/forum/vendor/illuminate/queue/CallQueuedHandler.php(120): Illuminate\Bus\Dispatcher->dispatchNow()
#19 /var/www/html/forum/vendor/illuminate/pipeline/Pipeline.php(128): Illuminate\Queue\CallQueuedHandler->Illuminate\Queue\{closure}()
#20 /var/www/html/forum/vendor/illuminate/pipeline/Pipeline.php(103): Illuminate\Pipeline\Pipeline->Illuminate\Pipeline\{closure}()
#21 /var/www/html/forum/vendor/illuminate/queue/CallQueuedHandler.php(122): Illuminate\Pipeline\Pipeline->then()
#22 /var/www/html/forum/vendor/illuminate/queue/CallQueuedHandler.php(70): Illuminate\Queue\CallQueuedHandler->dispatchThroughMiddleware()
#23 /var/www/html/forum/vendor/illuminate/queue/Jobs/Job.php(98): Illuminate\Queue\CallQueuedHandler->call()
#24 /var/www/html/forum/vendor/illuminate/queue/SyncQueue.php(43): Illuminate\Queue\Jobs\Job->fire()
#25 /var/www/html/forum/vendor/flarum/core/src/User/Command/RequestPasswordResetHandler.php(115): Illuminate\Queue\SyncQueue->push()
#26 /var/www/html/forum/vendor/illuminate/bus/Dispatcher.php(122): Flarum\User\Command\RequestPasswordResetHandler->handle()
#27 /var/www/html/forum/vendor/illuminate/pipeline/Pipeline.php(128): Illuminate\Bus\Dispatcher->Illuminate\Bus\{closure}()
#28 /var/www/html/forum/vendor/illuminate/pipeline/Pipeline.php(103): Illuminate\Pipeline\Pipeline->Illuminate\Pipeline\{closure}()
#29 /var/www/html/forum/vendor/illuminate/bus/Dispatcher.php(132): Illuminate\Pipeline\Pipeline->then()
#30 /var/www/html/forum/vendor/illuminate/bus/Dispatcher.php(78): Illuminate\Bus\Dispatcher->dispatchNow()
#31 /var/www/html/forum/vendor/flarum/core/src/Api/Controller/ForgotPasswordController.php(51): Illuminate\Bus\Dispatcher->dispatch()
#32 /var/www/html/forum/vendor/flarum/core/src/Http/RouteHandlerFactory.php(41): Flarum\Api\Controller\ForgotPasswordController->handle()
#33 /var/www/html/forum/vendor/flarum/core/src/Http/Middleware/ExecuteRoute.php(27): Flarum\Http\RouteHandlerFactory->Flarum\Http\{closure}()
#34 /var/www/html/forum/vendor/laminas/laminas-stratigility/src/Next.php(49): Flarum\Http\Middleware\ExecuteRoute->process()
#35 /var/www/html/forum/vendor/flarum/core/src/Api/Middleware/ThrottleApi.php(33): Laminas\Stratigility\Next->handle()
#36 /var/www/html/forum/vendor/laminas/laminas-stratigility/src/Next.php(49): Flarum\Api\Middleware\ThrottleApi->process()
#37 /var/www/html/forum/vendor/flarum/core/src/Http/Middleware/CheckCsrfToken.php(44): Laminas\Stratigility\Next->handle()
#38 /var/www/html/forum/vendor/laminas/laminas-stratigility/src/Next.php(49): Flarum\Http\Middleware\CheckCsrfToken->process()
#39 /var/www/html/forum/vendor/flarum/core/src/Http/Middleware/ResolveRoute.php(67): Laminas\Stratigility\Next->handle()
#40 /var/www/html/forum/vendor/laminas/laminas-stratigility/src/Next.php(49): Flarum\Http\Middleware\ResolveRoute->process()
#41 /var/www/html/forum/vendor/flarum/core/src/Http/Middleware/SetLocale.php(51): Laminas\Stratigility\Next->handle()
#42 /var/www/html/forum/vendor/laminas/laminas-stratigility/src/Next.php(49): Flarum\Http\Middleware\SetLocale->process()
#43 /var/www/html/forum/vendor/flarum/core/src/Http/Middleware/AuthenticateWithHeader.php(58): Laminas\Stratigility\Next->handle()
#44 /var/www/html/forum/vendor/laminas/laminas-stratigility/src/Next.php(49): Flarum\Http\Middleware\AuthenticateWithHeader->process()
#45 /var/www/html/forum/vendor/flarum/core/src/Http/Middleware/AuthenticateWithSession.php(31): Laminas\Stratigility\Next->handle()
#46 /var/www/html/forum/vendor/laminas/laminas-stratigility/src/Next.php(49): Flarum\Http\Middleware\AuthenticateWithSession->process()
#47 /var/www/html/forum/vendor/flarum/core/src/Http/Middleware/RememberFromCookie.php(52): Laminas\Stratigility\Next->handle()
#48 /var/www/html/forum/vendor/laminas/laminas-stratigility/src/Next.php(49): Flarum\Http\Middleware\RememberFromCookie->process()
#49 /var/www/html/forum/vendor/flarum/core/src/Http/Middleware/StartSession.php(61): Laminas\Stratigility\Next->handle()
#50 /var/www/html/forum/vendor/laminas/laminas-stratigility/src/Next.php(49): Flarum\Http\Middleware\StartSession->process()
#51 /var/www/html/forum/vendor/flarum/core/src/Api/Middleware/FakeHttpMethods.php(29): Laminas\Stratigility\Next->handle()
#52 /var/www/html/forum/vendor/laminas/laminas-stratigility/src/Next.php(49): Flarum\Api\Middleware\FakeHttpMethods->process()
#53 /var/www/html/forum/vendor/flarum/core/src/Http/Middleware/ParseJsonBody.php(28): Laminas\Stratigility\Next->handle()
#54 /var/www/html/forum/vendor/laminas/laminas-stratigility/src/Next.php(49): Flarum\Http\Middleware\ParseJsonBody->process()
#55 /var/www/html/forum/vendor/flarum/core/src/Http/Middleware/HandleErrors.php(57): Laminas\Stratigility\Next->handle()
#56 /var/www/html/forum/vendor/laminas/laminas-stratigility/src/Next.php(49): Flarum\Http\Middleware\HandleErrors->process()
#57 /var/www/html/forum/vendor/flarum/core/src/Http/Middleware/InjectActorReference.php(25): Laminas\Stratigility\Next->handle()
#58 /var/www/html/forum/vendor/laminas/laminas-stratigility/src/Next.php(49): Flarum\Http\Middleware\InjectActorReference->process()
#59 /var/www/html/forum/vendor/laminas/laminas-stratigility/src/MiddlewarePipe.php(75): Laminas\Stratigility\Next->handle()
#60 /var/www/html/forum/vendor/middlewares/request-handler/src/RequestHandler.php(84): Laminas\Stratigility\MiddlewarePipe->process()
#61 /var/www/html/forum/vendor/laminas/laminas-stratigility/src/Next.php(49): Middlewares\RequestHandler->process()
#62 /var/www/html/forum/vendor/middlewares/base-path-router/src/BasePathRouter.php(101): Laminas\Stratigility\Next->handle()
#63 /var/www/html/forum/vendor/laminas/laminas-stratigility/src/Next.php(49): Middlewares\BasePathRouter->process()
#64 /var/www/html/forum/vendor/laminas/laminas-stratigility/src/Middleware/OriginalMessages.php(36): Laminas\Stratigility\Next->handle()
#65 /var/www/html/forum/vendor/laminas/laminas-stratigility/src/Next.php(49): Laminas\Stratigility\Middleware\OriginalMessages->process()
#66 /var/www/html/forum/vendor/middlewares/base-path/src/BasePath.php(73): Laminas\Stratigility\Next->handle()
#67 /var/www/html/forum/vendor/laminas/laminas-stratigility/src/Next.php(49): Middlewares\BasePath->process()
#68 /var/www/html/forum/vendor/flarum/core/src/Http/Middleware/ProcessIp.php(24): Laminas\Stratigility\Next->handle()
#69 /var/www/html/forum/vendor/laminas/laminas-stratigility/src/Next.php(49): Flarum\Http\Middleware\ProcessIp->process()
#70 /var/www/html/forum/vendor/laminas/laminas-stratigility/src/MiddlewarePipe.php(75): Laminas\Stratigility\Next->handle()
#71 /var/www/html/forum/vendor/laminas/laminas-stratigility/src/MiddlewarePipe.php(64): Laminas\Stratigility\MiddlewarePipe->process()
#72 /var/www/html/forum/vendor/laminas/laminas-httphandlerrunner/src/RequestHandlerRunner.php(96): Laminas\Stratigility\MiddlewarePipe->handle()
#73 /var/www/html/forum/vendor/flarum/core/src/Http/Server.php(44): Laminas\HttpHandlerRunner\RequestHandlerRunner->run()
#74 /var/www/html/forum/public/index.php(26): Flarum\Http\Server->listen()
#75 {main}  
[2022-11-09 21:34:00] flarum.ERROR: Swift_TransportException: Connection could not be established with host stmp.webdev-isam.kean.edu :stream_socket_client(): php_network_getaddresses: getaddrinfo for stmp.webdev-isam.kean.edu failed: Name or service not known in /var/www/html/forum/vendor/swiftmailer/swiftmailer/lib/classes/Swift/Transport/StreamBuffer.php:261
Stack trace:
#0 [internal function]: Swift_Transport_StreamBuffer->{closure}()
#1 /var/www/html/forum/vendor/swiftmailer/swiftmailer/lib/classes/Swift/Transport/StreamBuffer.php(264): stream_socket_client()
#2 /var/www/html/forum/vendor/swiftmailer/swiftmailer/lib/classes/Swift/Transport/StreamBuffer.php(58): Swift_Transport_StreamBuffer->establishSocketConnection()
#3 /var/www/html/forum/vendor/swiftmailer/swiftmailer/lib/classes/Swift/Transport/AbstractSmtpTransport.php(143): Swift_Transport_StreamBuffer->initialize()
#4 /var/www/html/forum/vendor/swiftmailer/swiftmailer/lib/classes/Swift/Mailer.php(65): Swift_Transport_AbstractSmtpTransport->start()
#5 /var/www/html/forum/vendor/illuminate/mail/Mailer.php(521): Swift_Mailer->send()
#6 /var/www/html/forum/vendor/illuminate/mail/Mailer.php(288): Illuminate\Mail\Mailer->sendSwiftMessage()
#7 /var/www/html/forum/vendor/illuminate/mail/Mailer.php(212): Illuminate\Mail\Mailer->send()
#8 /var/www/html/forum/vendor/flarum/core/src/Mail/Job/SendRawEmailJob.php(34): Illuminate\Mail\Mailer->raw()
#9 /var/www/html/forum/vendor/illuminate/container/BoundMethod.php(36): Flarum\Mail\Job\SendRawEmailJob->handle()
#10 /var/www/html/forum/vendor/illuminate/container/Util.php(40): Illuminate\Container\BoundMethod::Illuminate\Container\{closure}()
#11 /var/www/html/forum/vendor/illuminate/container/BoundMethod.php(93): Illuminate\Container\Util::unwrapIfClosure()
#12 /var/www/html/forum/vendor/illuminate/container/BoundMethod.php(37): Illuminate\Container\BoundMethod::callBoundMethod()
#13 /var/www/html/forum/vendor/illuminate/container/Container.php(653): Illuminate\Container\BoundMethod::call()
#14 /var/www/html/forum/vendor/illuminate/bus/Dispatcher.php(128): Illuminate\Container\Container->call()
#15 /var/www/html/forum/vendor/illuminate/pipeline/Pipeline.php(128): Illuminate\Bus\Dispatcher->Illuminate\Bus\{closure}()
#16 /var/www/html/forum/vendor/illuminate/pipeline/Pipeline.php(103): Illuminate\Pipeline\Pipeline->Illuminate\Pipeline\{closure}()
#17 /var/www/html/forum/vendor/illuminate/bus/Dispatcher.php(132): Illuminate\Pipeline\Pipeline->then()
#18 /var/www/html/forum/vendor/illuminate/queue/CallQueuedHandler.php(120): Illuminate\Bus\Dispatcher->dispatchNow()
#19 /var/www/html/forum/vendor/illuminate/pipeline/Pipeline.php(128): Illuminate\Queue\CallQueuedHandler->Illuminate\Queue\{closure}()
#20 /var/www/html/forum/vendor/illuminate/pipeline/Pipeline.php(103): Illuminate\Pipeline\Pipeline->Illuminate\Pipeline\{closure}()
#21 /var/www/html/forum/vendor/illuminate/queue/CallQueuedHandler.php(122): Illuminate\Pipeline\Pipeline->then()
#22 /var/www/html/forum/vendor/illuminate/queue/CallQueuedHandler.php(70): Illuminate\Queue\CallQueuedHandler->dispatchThroughMiddleware()
#23 /var/www/html/forum/vendor/illuminate/queue/Jobs/Job.php(98): Illuminate\Queue\CallQueuedHandler->call()
#24 /var/www/html/forum/vendor/illuminate/queue/SyncQueue.php(43): Illuminate\Queue\Jobs\Job->fire()
#25 /var/www/html/forum/vendor/flarum/core/src/User/Command/RequestPasswordResetHandler.php(115): Illuminate\Queue\SyncQueue->push()
#26 /var/www/html/forum/vendor/illuminate/bus/Dispatcher.php(122): Flarum\User\Command\RequestPasswordResetHandler->handle()
#27 /var/www/html/forum/vendor/illuminate/pipeline/Pipeline.php(128): Illuminate\Bus\Dispatcher->Illuminate\Bus\{closure}()
#28 /var/www/html/forum/vendor/illuminate/pipeline/Pipeline.php(103): Illuminate\Pipeline\Pipeline->Illuminate\Pipeline\{closure}()
#29 /var/www/html/forum/vendor/illuminate/bus/Dispatcher.php(132): Illuminate\Pipeline\Pipeline->then()
#30 /var/www/html/forum/vendor/illuminate/bus/Dispatcher.php(78): Illuminate\Bus\Dispatcher->dispatchNow()
#31 /var/www/html/forum/vendor/flarum/core/src/Api/Controller/ForgotPasswordController.php(51): Illuminate\Bus\Dispatcher->dispatch()
#32 /var/www/html/forum/vendor/flarum/core/src/Http/RouteHandlerFactory.php(41): Flarum\Api\Controller\ForgotPasswordController->handle()
#33 /var/www/html/forum/vendor/flarum/core/src/Http/Middleware/ExecuteRoute.php(27): Flarum\Http\RouteHandlerFactory->Flarum\Http\{closure}()
#34 /var/www/html/forum/vendor/laminas/laminas-stratigility/src/Next.php(49): Flarum\Http\Middleware\ExecuteRoute->process()
#35 /var/www/html/forum/vendor/flarum/core/src/Api/Middleware/ThrottleApi.php(33): Laminas\Stratigility\Next->handle()
#36 /var/www/html/forum/vendor/laminas/laminas-stratigility/src/Next.php(49): Flarum\Api\Middleware\ThrottleApi->process()
#37 /var/www/html/forum/vendor/flarum/core/src/Http/Middleware/CheckCsrfToken.php(44): Laminas\Stratigility\Next->handle()
#38 /var/www/html/forum/vendor/laminas/laminas-stratigility/src/Next.php(49): Flarum\Http\Middleware\CheckCsrfToken->process()
#39 /var/www/html/forum/vendor/flarum/core/src/Http/Middleware/ResolveRoute.php(67): Laminas\Stratigility\Next->handle()
#40 /var/www/html/forum/vendor/laminas/laminas-stratigility/src/Next.php(49): Flarum\Http\Middleware\ResolveRoute->process()
#41 /var/www/html/forum/vendor/flarum/core/src/Http/Middleware/SetLocale.php(51): Laminas\Stratigility\Next->handle()
#42 /var/www/html/forum/vendor/laminas/laminas-stratigility/src/Next.php(49): Flarum\Http\Middleware\SetLocale->process()
#43 /var/www/html/forum/vendor/flarum/core/src/Http/Middleware/AuthenticateWithHeader.php(58): Laminas\Stratigility\Next->handle()
#44 /var/www/html/forum/vendor/laminas/laminas-stratigility/src/Next.php(49): Flarum\Http\Middleware\AuthenticateWithHeader->process()
#45 /var/www/html/forum/vendor/flarum/core/src/Http/Middleware/AuthenticateWithSession.php(31): Laminas\Stratigility\Next->handle()
#46 /var/www/html/forum/vendor/laminas/laminas-stratigility/src/Next.php(49): Flarum\Http\Middleware\AuthenticateWithSession->process()
#47 /var/www/html/forum/vendor/flarum/core/src/Http/Middleware/RememberFromCookie.php(52): Laminas\Stratigility\Next->handle()
#48 /var/www/html/forum/vendor/laminas/laminas-stratigility/src/Next.php(49): Flarum\Http\Middleware\RememberFromCookie->process()
#49 /var/www/html/forum/vendor/flarum/core/src/Http/Middleware/StartSession.php(61): Laminas\Stratigility\Next->handle()
#50 /var/www/html/forum/vendor/laminas/laminas-stratigility/src/Next.php(49): Flarum\Http\Middleware\StartSession->process()
#51 /var/www/html/forum/vendor/flarum/core/src/Api/Middleware/FakeHttpMethods.php(29): Laminas\Stratigility\Next->handle()
#52 /var/www/html/forum/vendor/laminas/laminas-stratigility/src/Next.php(49): Flarum\Api\Middleware\FakeHttpMethods->process()
#53 /var/www/html/forum/vendor/flarum/core/src/Http/Middleware/ParseJsonBody.php(28): Laminas\Stratigility\Next->handle()
#54 /var/www/html/forum/vendor/laminas/laminas-stratigility/src/Next.php(49): Flarum\Http\Middleware\ParseJsonBody->process()
#55 /var/www/html/forum/vendor/flarum/core/src/Http/Middleware/HandleErrors.php(57): Laminas\Stratigility\Next->handle()
#56 /var/www/html/forum/vendor/laminas/laminas-stratigility/src/Next.php(49): Flarum\Http\Middleware\HandleErrors->process()
#57 /var/www/html/forum/vendor/flarum/core/src/Http/Middleware/InjectActorReference.php(25): Laminas\Stratigility\Next->handle()
#58 /var/www/html/forum/vendor/laminas/laminas-stratigility/src/Next.php(49): Flarum\Http\Middleware\InjectActorReference->process()
#59 /var/www/html/forum/vendor/laminas/laminas-stratigility/src/MiddlewarePipe.php(75): Laminas\Stratigility\Next->handle()
#60 /var/www/html/forum/vendor/middlewares/request-handler/src/RequestHandler.php(84): Laminas\Stratigility\MiddlewarePipe->process()
#61 /var/www/html/forum/vendor/laminas/laminas-stratigility/src/Next.php(49): Middlewares\RequestHandler->process()
#62 /var/www/html/forum/vendor/middlewares/base-path-router/src/BasePathRouter.php(101): Laminas\Stratigility\Next->handle()
#63 /var/www/html/forum/vendor/laminas/laminas-stratigility/src/Next.php(49): Middlewares\BasePathRouter->process()
#64 /var/www/html/forum/vendor/laminas/laminas-stratigility/src/Middleware/OriginalMessages.php(36): Laminas\Stratigility\Next->handle()
#65 /var/www/html/forum/vendor/laminas/laminas-stratigility/src/Next.php(49): Laminas\Stratigility\Middleware\OriginalMessages->process()
#66 /var/www/html/forum/vendor/middlewares/base-path/src/BasePath.php(73): Laminas\Stratigility\Next->handle()
#67 /var/www/html/forum/vendor/laminas/laminas-stratigility/src/Next.php(49): Middlewares\BasePath->process()
#68 /var/www/html/forum/vendor/flarum/core/src/Http/Middleware/ProcessIp.php(24): Laminas\Stratigility\Next->handle()
#69 /var/www/html/forum/vendor/laminas/laminas-stratigility/src/Next.php(49): Flarum\Http\Middleware\ProcessIp->process()
#70 /var/www/html/forum/vendor/laminas/laminas-stratigility/src/MiddlewarePipe.php(75): Laminas\Stratigility\Next->handle()
#71 /var/www/html/forum/vendor/laminas/laminas-stratigility/src/MiddlewarePipe.php(64): Laminas\Stratigility\MiddlewarePipe->process()
#72 /var/www/html/forum/vendor/laminas/laminas-httphandlerrunner/src/RequestHandlerRunner.php(96): Laminas\Stratigility\MiddlewarePipe->handle()
#73 /var/www/html/forum/vendor/flarum/core/src/Http/Server.php(44): Laminas\HttpHandlerRunner\RequestHandlerRunner->run()
#74 /var/www/html/forum/public/index.php(26): Flarum\Http\Server->listen()
#75 {main}  
