[2022-11-03 17:38:37] flarum.ERROR: Swift_TransportException: Connection could not be established with host smtp.webdev-isam.kean.edu :stream_socket_client(): php_network_getaddresses: getaddrinfo for smtp.webdev-isam.kean.edu failed: Name or service not known in /var/www/html/forum/vendor/swiftmailer/swiftmailer/lib/classes/Swift/Transport/StreamBuffer.php:261
Stack trace:
#0 [internal function]: Swift_Transport_StreamBuffer->{closure}()
#1 /var/www/html/forum/vendor/swiftmailer/swiftmailer/lib/classes/Swift/Transport/StreamBuffer.php(264): stream_socket_client()
#2 /var/www/html/forum/vendor/swiftmailer/swiftmailer/lib/classes/Swift/Transport/StreamBuffer.php(58): Swift_Transport_StreamBuffer->establishSocketConnection()
#3 /var/www/html/forum/vendor/swiftmailer/swiftmailer/lib/classes/Swift/Transport/AbstractSmtpTransport.php(143): Swift_Transport_StreamBuffer->initialize()
#4 /var/www/html/forum/vendor/swiftmailer/swiftmailer/lib/classes/Swift/Mailer.php(65): Swift_Transport_AbstractSmtpTransport->start()
#5 /var/www/html/forum/vendor/illuminate/mail/Mailer.php(521): Swift_Mailer->send()
#6 /var/www/html/forum/vendor/illuminate/mail/Mailer.php(288): Illuminate\Mail\Mailer->sendSwiftMessage()
#7 /var/www/html/forum/vendor/illuminate/mail/Mailer.php(212): Illuminate\Mail\Mailer->send()
#8 /var/www/html/forum/vendor/flarum/core/src/Api/Controller/SendTestMailController.php(43): Illuminate\Mail\Mailer->raw()
#9 /var/www/html/forum/vendor/flarum/core/src/Http/RouteHandlerFactory.php(41): Flarum\Api\Controller\SendTestMailController->handle()
#10 /var/www/html/forum/vendor/flarum/core/src/Http/Middleware/ExecuteRoute.php(27): Flarum\Http\RouteHandlerFactory->Flarum\Http\{closure}()
#11 /var/www/html/forum/vendor/laminas/laminas-stratigility/src/Next.php(49): Flarum\Http\Middleware\ExecuteRoute->process()
#12 /var/www/html/forum/vendor/flarum/core/src/Api/Middleware/ThrottleApi.php(33): Laminas\Stratigility\Next->handle()
#13 /var/www/html/forum/vendor/laminas/laminas-stratigility/src/Next.php(49): Flarum\Api\Middleware\ThrottleApi->process()
#14 /var/www/html/forum/vendor/flarum/core/src/Http/Middleware/CheckCsrfToken.php(44): Laminas\Stratigility\Next->handle()
#15 /var/www/html/forum/vendor/laminas/laminas-stratigility/src/Next.php(49): Flarum\Http\Middleware\CheckCsrfToken->process()
#16 /var/www/html/forum/vendor/flarum/core/src/Http/Middleware/ResolveRoute.php(67): Laminas\Stratigility\Next->handle()
#17 /var/www/html/forum/vendor/laminas/laminas-stratigility/src/Next.php(49): Flarum\Http\Middleware\ResolveRoute->process()
#18 /var/www/html/forum/vendor/flarum/core/src/Http/Middleware/SetLocale.php(51): Laminas\Stratigility\Next->handle()
#19 /var/www/html/forum/vendor/laminas/laminas-stratigility/src/Next.php(49): Flarum\Http\Middleware\SetLocale->process()
#20 /var/www/html/forum/vendor/flarum/core/src/Http/Middleware/AuthenticateWithHeader.php(58): Laminas\Stratigility\Next->handle()
#21 /var/www/html/forum/vendor/laminas/laminas-stratigility/src/Next.php(49): Flarum\Http\Middleware\AuthenticateWithHeader->process()
#22 /var/www/html/forum/vendor/flarum/core/src/Http/Middleware/AuthenticateWithSession.php(31): Laminas\Stratigility\Next->handle()
#23 /var/www/html/forum/vendor/laminas/laminas-stratigility/src/Next.php(49): Flarum\Http\Middleware\AuthenticateWithSession->process()
#24 /var/www/html/forum/vendor/flarum/core/src/Http/Middleware/RememberFromCookie.php(52): Laminas\Stratigility\Next->handle()
#25 /var/www/html/forum/vendor/laminas/laminas-stratigility/src/Next.php(49): Flarum\Http\Middleware\RememberFromCookie->process()
#26 /var/www/html/forum/vendor/flarum/core/src/Http/Middleware/StartSession.php(61): Laminas\Stratigility\Next->handle()
#27 /var/www/html/forum/vendor/laminas/laminas-stratigility/src/Next.php(49): Flarum\Http\Middleware\StartSession->process()
#28 /var/www/html/forum/vendor/flarum/core/src/Api/Middleware/FakeHttpMethods.php(29): Laminas\Stratigility\Next->handle()
#29 /var/www/html/forum/vendor/laminas/laminas-stratigility/src/Next.php(49): Flarum\Api\Middleware\FakeHttpMethods->process()
#30 /var/www/html/forum/vendor/flarum/core/src/Http/Middleware/ParseJsonBody.php(28): Laminas\Stratigility\Next->handle()
#31 /var/www/html/forum/vendor/laminas/laminas-stratigility/src/Next.php(49): Flarum\Http\Middleware\ParseJsonBody->process()
#32 /var/www/html/forum/vendor/flarum/core/src/Http/Middleware/HandleErrors.php(57): Laminas\Stratigility\Next->handle()
#33 /var/www/html/forum/vendor/laminas/laminas-stratigility/src/Next.php(49): Flarum\Http\Middleware\HandleErrors->process()
#34 /var/www/html/forum/vendor/flarum/core/src/Http/Middleware/InjectActorReference.php(25): Laminas\Stratigility\Next->handle()
#35 /var/www/html/forum/vendor/laminas/laminas-stratigility/src/Next.php(49): Flarum\Http\Middleware\InjectActorReference->process()
#36 /var/www/html/forum/vendor/laminas/laminas-stratigility/src/MiddlewarePipe.php(75): Laminas\Stratigility\Next->handle()
#37 /var/www/html/forum/vendor/middlewares/request-handler/src/RequestHandler.php(84): Laminas\Stratigility\MiddlewarePipe->process()
#38 /var/www/html/forum/vendor/laminas/laminas-stratigility/src/Next.php(49): Middlewares\RequestHandler->process()
#39 /var/www/html/forum/vendor/middlewares/base-path-router/src/BasePathRouter.php(101): Laminas\Stratigility\Next->handle()
#40 /var/www/html/forum/vendor/laminas/laminas-stratigility/src/Next.php(49): Middlewares\BasePathRouter->process()
#41 /var/www/html/forum/vendor/laminas/laminas-stratigility/src/Middleware/OriginalMessages.php(36): Laminas\Stratigility\Next->handle()
#42 /var/www/html/forum/vendor/laminas/laminas-stratigility/src/Next.php(49): Laminas\Stratigility\Middleware\OriginalMessages->process()
#43 /var/www/html/forum/vendor/middlewares/base-path/src/BasePath.php(73): Laminas\Stratigility\Next->handle()
#44 /var/www/html/forum/vendor/laminas/laminas-stratigility/src/Next.php(49): Middlewares\BasePath->process()
#45 /var/www/html/forum/vendor/flarum/core/src/Http/Middleware/ProcessIp.php(24): Laminas\Stratigility\Next->handle()
#46 /var/www/html/forum/vendor/laminas/laminas-stratigility/src/Next.php(49): Flarum\Http\Middleware\ProcessIp->process()
#47 /var/www/html/forum/vendor/laminas/laminas-stratigility/src/MiddlewarePipe.php(75): Laminas\Stratigility\Next->handle()
#48 /var/www/html/forum/vendor/laminas/laminas-stratigility/src/MiddlewarePipe.php(64): Laminas\Stratigility\MiddlewarePipe->process()
#49 /var/www/html/forum/vendor/laminas/laminas-httphandlerrunner/src/RequestHandlerRunner.php(96): Laminas\Stratigility\MiddlewarePipe->handle()
#50 /var/www/html/forum/vendor/flarum/core/src/Http/Server.php(44): Laminas\HttpHandlerRunner\RequestHandlerRunner->run()
#51 /var/www/html/forum/public/index.php(26): Flarum\Http\Server->listen()
#52 {main}  
[2022-11-03 17:38:44] flarum.ERROR: Swift_TransportException: Connection could not be established with host smtp.webdev-isam.kean.edu :stream_socket_client(): php_network_getaddresses: getaddrinfo for smtp.webdev-isam.kean.edu failed: Name or service not known in /var/www/html/forum/vendor/swiftmailer/swiftmailer/lib/classes/Swift/Transport/StreamBuffer.php:261
Stack trace:
#0 [internal function]: Swift_Transport_StreamBuffer->{closure}()
#1 /var/www/html/forum/vendor/swiftmailer/swiftmailer/lib/classes/Swift/Transport/StreamBuffer.php(264): stream_socket_client()
#2 /var/www/html/forum/vendor/swiftmailer/swiftmailer/lib/classes/Swift/Transport/StreamBuffer.php(58): Swift_Transport_StreamBuffer->establishSocketConnection()
#3 /var/www/html/forum/vendor/swiftmailer/swiftmailer/lib/classes/Swift/Transport/AbstractSmtpTransport.php(143): Swift_Transport_StreamBuffer->initialize()
#4 /var/www/html/forum/vendor/swiftmailer/swiftmailer/lib/classes/Swift/Mailer.php(65): Swift_Transport_AbstractSmtpTransport->start()
#5 /var/www/html/forum/vendor/illuminate/mail/Mailer.php(521): Swift_Mailer->send()
#6 /var/www/html/forum/vendor/illuminate/mail/Mailer.php(288): Illuminate\Mail\Mailer->sendSwiftMessage()
#7 /var/www/html/forum/vendor/illuminate/mail/Mailer.php(212): Illuminate\Mail\Mailer->send()
#8 /var/www/html/forum/vendor/flarum/core/src/Api/Controller/SendTestMailController.php(43): Illuminate\Mail\Mailer->raw()
#9 /var/www/html/forum/vendor/flarum/core/src/Http/RouteHandlerFactory.php(41): Flarum\Api\Controller\SendTestMailController->handle()
#10 /var/www/html/forum/vendor/flarum/core/src/Http/Middleware/ExecuteRoute.php(27): Flarum\Http\RouteHandlerFactory->Flarum\Http\{closure}()
#11 /var/www/html/forum/vendor/laminas/laminas-stratigility/src/Next.php(49): Flarum\Http\Middleware\ExecuteRoute->process()
#12 /var/www/html/forum/vendor/flarum/core/src/Api/Middleware/ThrottleApi.php(33): Laminas\Stratigility\Next->handle()
#13 /var/www/html/forum/vendor/laminas/laminas-stratigility/src/Next.php(49): Flarum\Api\Middleware\ThrottleApi->process()
#14 /var/www/html/forum/vendor/flarum/core/src/Http/Middleware/CheckCsrfToken.php(44): Laminas\Stratigility\Next->handle()
#15 /var/www/html/forum/vendor/laminas/laminas-stratigility/src/Next.php(49): Flarum\Http\Middleware\CheckCsrfToken->process()
#16 /var/www/html/forum/vendor/flarum/core/src/Http/Middleware/ResolveRoute.php(67): Laminas\Stratigility\Next->handle()
#17 /var/www/html/forum/vendor/laminas/laminas-stratigility/src/Next.php(49): Flarum\Http\Middleware\ResolveRoute->process()
#18 /var/www/html/forum/vendor/flarum/core/src/Http/Middleware/SetLocale.php(51): Laminas\Stratigility\Next->handle()
#19 /var/www/html/forum/vendor/laminas/laminas-stratigility/src/Next.php(49): Flarum\Http\Middleware\SetLocale->process()
#20 /var/www/html/forum/vendor/flarum/core/src/Http/Middleware/AuthenticateWithHeader.php(58): Laminas\Stratigility\Next->handle()
#21 /var/www/html/forum/vendor/laminas/laminas-stratigility/src/Next.php(49): Flarum\Http\Middleware\AuthenticateWithHeader->process()
#22 /var/www/html/forum/vendor/flarum/core/src/Http/Middleware/AuthenticateWithSession.php(31): Laminas\Stratigility\Next->handle()
#23 /var/www/html/forum/vendor/laminas/laminas-stratigility/src/Next.php(49): Flarum\Http\Middleware\AuthenticateWithSession->process()
#24 /var/www/html/forum/vendor/flarum/core/src/Http/Middleware/RememberFromCookie.php(52): Laminas\Stratigility\Next->handle()
#25 /var/www/html/forum/vendor/laminas/laminas-stratigility/src/Next.php(49): Flarum\Http\Middleware\RememberFromCookie->process()
#26 /var/www/html/forum/vendor/flarum/core/src/Http/Middleware/StartSession.php(61): Laminas\Stratigility\Next->handle()
#27 /var/www/html/forum/vendor/laminas/laminas-stratigility/src/Next.php(49): Flarum\Http\Middleware\StartSession->process()
#28 /var/www/html/forum/vendor/flarum/core/src/Api/Middleware/FakeHttpMethods.php(29): Laminas\Stratigility\Next->handle()
#29 /var/www/html/forum/vendor/laminas/laminas-stratigility/src/Next.php(49): Flarum\Api\Middleware\FakeHttpMethods->process()
#30 /var/www/html/forum/vendor/flarum/core/src/Http/Middleware/ParseJsonBody.php(28): Laminas\Stratigility\Next->handle()
#31 /var/www/html/forum/vendor/laminas/laminas-stratigility/src/Next.php(49): Flarum\Http\Middleware\ParseJsonBody->process()
#32 /var/www/html/forum/vendor/flarum/core/src/Http/Middleware/HandleErrors.php(57): Laminas\Stratigility\Next->handle()
#33 /var/www/html/forum/vendor/laminas/laminas-stratigility/src/Next.php(49): Flarum\Http\Middleware\HandleErrors->process()
#34 /var/www/html/forum/vendor/flarum/core/src/Http/Middleware/InjectActorReference.php(25): Laminas\Stratigility\Next->handle()
#35 /var/www/html/forum/vendor/laminas/laminas-stratigility/src/Next.php(49): Flarum\Http\Middleware\InjectActorReference->process()
#36 /var/www/html/forum/vendor/laminas/laminas-stratigility/src/MiddlewarePipe.php(75): Laminas\Stratigility\Next->handle()
#37 /var/www/html/forum/vendor/middlewares/request-handler/src/RequestHandler.php(84): Laminas\Stratigility\MiddlewarePipe->process()
#38 /var/www/html/forum/vendor/laminas/laminas-stratigility/src/Next.php(49): Middlewares\RequestHandler->process()
#39 /var/www/html/forum/vendor/middlewares/base-path-router/src/BasePathRouter.php(101): Laminas\Stratigility\Next->handle()
#40 /var/www/html/forum/vendor/laminas/laminas-stratigility/src/Next.php(49): Middlewares\BasePathRouter->process()
#41 /var/www/html/forum/vendor/laminas/laminas-stratigility/src/Middleware/OriginalMessages.php(36): Laminas\Stratigility\Next->handle()
#42 /var/www/html/forum/vendor/laminas/laminas-stratigility/src/Next.php(49): Laminas\Stratigility\Middleware\OriginalMessages->process()
#43 /var/www/html/forum/vendor/middlewares/base-path/src/BasePath.php(73): Laminas\Stratigility\Next->handle()
#44 /var/www/html/forum/vendor/laminas/laminas-stratigility/src/Next.php(49): Middlewares\BasePath->process()
#45 /var/www/html/forum/vendor/flarum/core/src/Http/Middleware/ProcessIp.php(24): Laminas\Stratigility\Next->handle()
#46 /var/www/html/forum/vendor/laminas/laminas-stratigility/src/Next.php(49): Flarum\Http\Middleware\ProcessIp->process()
#47 /var/www/html/forum/vendor/laminas/laminas-stratigility/src/MiddlewarePipe.php(75): Laminas\Stratigility\Next->handle()
#48 /var/www/html/forum/vendor/laminas/laminas-stratigility/src/MiddlewarePipe.php(64): Laminas\Stratigility\MiddlewarePipe->process()
#49 /var/www/html/forum/vendor/laminas/laminas-httphandlerrunner/src/RequestHandlerRunner.php(96): Laminas\Stratigility\MiddlewarePipe->handle()
#50 /var/www/html/forum/vendor/flarum/core/src/Http/Server.php(44): Laminas\HttpHandlerRunner\RequestHandlerRunner->run()
#51 /var/www/html/forum/public/index.php(26): Flarum\Http\Server->listen()
#52 {main}  
[2022-11-03 17:39:06] flarum.INFO: Message-ID: <076357ad7ad7b6eade0f065116168676@webdev-isam.kean.edu>
Date: Thu, 03 Nov 2022 17:39:06 +0000
Subject: Flarum Email Test
From: Cougar Connect <noreply@webdev-isam.kean.edu>
To: isam@kean.edu
MIME-Version: 1.0
Content-Type: text/plain; charset=utf-8
Content-Transfer-Encoding: quoted-printable

Hey isam!

This is a test email to confirm that your Flarum email configuration is working properly.

If this was you, this email means that your configuration works!

If this was not you, please ignore this email.
  
