[2022-11-02 00:44:59] flarum.ERROR: FoF\Upload\Exceptions\InvalidUploadException: Upload max filesize limit reached from php.ini. in /var/www/html/forum/vendor/fof/upload/src/Repositories/FileRepository.php:152
Stack trace:
#0 /var/www/html/forum/vendor/fof/upload/src/Repositories/FileRepository.php(112): FoF\Upload\Repositories\FileRepository->handleUploadError()
#1 /var/www/html/forum/vendor/fof/upload/src/Commands/UploadHandler.php(100): FoF\Upload\Repositories\FileRepository->moveUploadedFileToTemp()
#2 [internal function]: FoF\Upload\Commands\UploadHandler->FoF\Upload\Commands\{closure}()
#3 /var/www/html/forum/vendor/illuminate/collections/Collection.php(695): array_map()
#4 /var/www/html/forum/vendor/fof/upload/src/Commands/UploadHandler.php(192): Illuminate\Support\Collection->map()
#5 /var/www/html/forum/vendor/illuminate/bus/Dispatcher.php(122): FoF\Upload\Commands\UploadHandler->handle()
#6 /var/www/html/forum/vendor/illuminate/pipeline/Pipeline.php(128): Illuminate\Bus\Dispatcher->Illuminate\Bus\{closure}()
#7 /var/www/html/forum/vendor/illuminate/pipeline/Pipeline.php(103): Illuminate\Pipeline\Pipeline->Illuminate\Pipeline\{closure}()
#8 /var/www/html/forum/vendor/illuminate/bus/Dispatcher.php(132): Illuminate\Pipeline\Pipeline->then()
#9 /var/www/html/forum/vendor/illuminate/bus/Dispatcher.php(78): Illuminate\Bus\Dispatcher->dispatchNow()
#10 /var/www/html/forum/vendor/fof/upload/src/Api/Controllers/UploadController.php(52): Illuminate\Bus\Dispatcher->dispatch()
#11 /var/www/html/forum/vendor/flarum/core/src/Api/Controller/AbstractSerializeController.php(115): FoF\Upload\Api\Controllers\UploadController->data()
#12 /var/www/html/forum/vendor/flarum/core/src/Http/RouteHandlerFactory.php(41): Flarum\Api\Controller\AbstractSerializeController->handle()
#13 /var/www/html/forum/vendor/flarum/core/src/Http/Middleware/ExecuteRoute.php(27): Flarum\Http\RouteHandlerFactory->Flarum\Http\{closure}()
#14 /var/www/html/forum/vendor/laminas/laminas-stratigility/src/Next.php(49): Flarum\Http\Middleware\ExecuteRoute->process()
#15 /var/www/html/forum/vendor/flarum/core/src/Api/Middleware/ThrottleApi.php(33): Laminas\Stratigility\Next->handle()
#16 /var/www/html/forum/vendor/laminas/laminas-stratigility/src/Next.php(49): Flarum\Api\Middleware\ThrottleApi->process()
#17 /var/www/html/forum/vendor/flarum/core/src/Http/Middleware/CheckCsrfToken.php(44): Laminas\Stratigility\Next->handle()
#18 /var/www/html/forum/vendor/laminas/laminas-stratigility/src/Next.php(49): Flarum\Http\Middleware\CheckCsrfToken->process()
#19 /var/www/html/forum/vendor/flarum/core/src/Http/Middleware/ResolveRoute.php(67): Laminas\Stratigility\Next->handle()
#20 /var/www/html/forum/vendor/laminas/laminas-stratigility/src/Next.php(49): Flarum\Http\Middleware\ResolveRoute->process()
#21 /var/www/html/forum/vendor/flarum/core/src/Http/Middleware/SetLocale.php(51): Laminas\Stratigility\Next->handle()
#22 /var/www/html/forum/vendor/laminas/laminas-stratigility/src/Next.php(49): Flarum\Http\Middleware\SetLocale->process()
#23 /var/www/html/forum/vendor/flarum/core/src/Http/Middleware/AuthenticateWithHeader.php(58): Laminas\Stratigility\Next->handle()
#24 /var/www/html/forum/vendor/laminas/laminas-stratigility/src/Next.php(49): Flarum\Http\Middleware\AuthenticateWithHeader->process()
#25 /var/www/html/forum/vendor/flarum/core/src/Http/Middleware/AuthenticateWithSession.php(31): Laminas\Stratigility\Next->handle()
#26 /var/www/html/forum/vendor/laminas/laminas-stratigility/src/Next.php(49): Flarum\Http\Middleware\AuthenticateWithSession->process()
#27 /var/www/html/forum/vendor/flarum/core/src/Http/Middleware/RememberFromCookie.php(52): Laminas\Stratigility\Next->handle()
#28 /var/www/html/forum/vendor/laminas/laminas-stratigility/src/Next.php(49): Flarum\Http\Middleware\RememberFromCookie->process()
#29 /var/www/html/forum/vendor/flarum/core/src/Http/Middleware/StartSession.php(61): Laminas\Stratigility\Next->handle()
#30 /var/www/html/forum/vendor/laminas/laminas-stratigility/src/Next.php(49): Flarum\Http\Middleware\StartSession->process()
#31 /var/www/html/forum/vendor/flarum/core/src/Api/Middleware/FakeHttpMethods.php(29): Laminas\Stratigility\Next->handle()
#32 /var/www/html/forum/vendor/laminas/laminas-stratigility/src/Next.php(49): Flarum\Api\Middleware\FakeHttpMethods->process()
#33 /var/www/html/forum/vendor/flarum/core/src/Http/Middleware/ParseJsonBody.php(28): Laminas\Stratigility\Next->handle()
#34 /var/www/html/forum/vendor/laminas/laminas-stratigility/src/Next.php(49): Flarum\Http\Middleware\ParseJsonBody->process()
#35 /var/www/html/forum/vendor/flarum/core/src/Http/Middleware/HandleErrors.php(57): Laminas\Stratigility\Next->handle()
#36 /var/www/html/forum/vendor/laminas/laminas-stratigility/src/Next.php(49): Flarum\Http\Middleware\HandleErrors->process()
#37 /var/www/html/forum/vendor/flarum/core/src/Http/Middleware/InjectActorReference.php(25): Laminas\Stratigility\Next->handle()
#38 /var/www/html/forum/vendor/laminas/laminas-stratigility/src/Next.php(49): Flarum\Http\Middleware\InjectActorReference->process()
#39 /var/www/html/forum/vendor/laminas/laminas-stratigility/src/MiddlewarePipe.php(75): Laminas\Stratigility\Next->handle()
#40 /var/www/html/forum/vendor/middlewares/request-handler/src/RequestHandler.php(84): Laminas\Stratigility\MiddlewarePipe->process()
#41 /var/www/html/forum/vendor/laminas/laminas-stratigility/src/Next.php(49): Middlewares\RequestHandler->process()
#42 /var/www/html/forum/vendor/middlewares/base-path-router/src/BasePathRouter.php(101): Laminas\Stratigility\Next->handle()
#43 /var/www/html/forum/vendor/laminas/laminas-stratigility/src/Next.php(49): Middlewares\BasePathRouter->process()
#44 /var/www/html/forum/vendor/laminas/laminas-stratigility/src/Middleware/OriginalMessages.php(36): Laminas\Stratigility\Next->handle()
#45 /var/www/html/forum/vendor/laminas/laminas-stratigility/src/Next.php(49): Laminas\Stratigility\Middleware\OriginalMessages->process()
#46 /var/www/html/forum/vendor/middlewares/base-path/src/BasePath.php(73): Laminas\Stratigility\Next->handle()
#47 /var/www/html/forum/vendor/laminas/laminas-stratigility/src/Next.php(49): Middlewares\BasePath->process()
#48 /var/www/html/forum/vendor/flarum/core/src/Http/Middleware/ProcessIp.php(24): Laminas\Stratigility\Next->handle()
#49 /var/www/html/forum/vendor/laminas/laminas-stratigility/src/Next.php(49): Flarum\Http\Middleware\ProcessIp->process()
#50 /var/www/html/forum/vendor/laminas/laminas-stratigility/src/MiddlewarePipe.php(75): Laminas\Stratigility\Next->handle()
#51 /var/www/html/forum/vendor/laminas/laminas-stratigility/src/MiddlewarePipe.php(64): Laminas\Stratigility\MiddlewarePipe->process()
#52 /var/www/html/forum/vendor/laminas/laminas-httphandlerrunner/src/RequestHandlerRunner.php(96): Laminas\Stratigility\MiddlewarePipe->handle()
#53 /var/www/html/forum/vendor/flarum/core/src/Http/Server.php(44): Laminas\HttpHandlerRunner\RequestHandlerRunner->run()
#54 /var/www/html/forum/public/index.php(26): Flarum\Http\Server->listen()
#55 {main}  
